<?xml version="1.0" encoding="UTF-8"?>
<testsuite name="com.companyname.projectname.testrunners.TestRunner" time="20.552" tests="19" errors="0" skipped="0" failures="2">
  <properties>
[...]
</properties>
  <testcase name="Validation of Status Code of Response when Endpoint is Valid #1" classname="API Validation" time="3.809"/>
  <testcase name="Validation of Status Code of Response when Endpoint is Valid #2" classname="API Validation" time="0.529"/>
  <testcase name="Validation of Status Code of Response when Endpoint is Valid #3" classname="API Validation" time="0.527"/>
  <testcase name="Validation of Status Code of Response when Endpoint is Valid #4" classname="API Validation" time="0.533"/>
  <testcase name="Validation of Status Code of Response when Endpoint is Valid #5" classname="API Validation" time="0.524"/>
  <testcase name="Validation of Status Code (Error) when Endpoint is InValid #1" classname="API Validation" time="0.611"/>
  <testcase name="Validation of Status Code (Error) when Endpoint is InValid #2" classname="API Validation" time="0.625"/>
  <testcase name="Validation of Response body when Endpoint is Valid #1" classname="API Validation" time="0.572"/>
  <testcase name="Validation of Response body when Endpoint is Valid #2" classname="API Validation" time="0.497"/>
  <testcase name="Validation of Response body when Endpoint is Valid #3" classname="API Validation" time="0.502"/>
  <testcase name="Validation of Response body when Endpoint is Valid #4" classname="API Validation" time="0.479"/>
  <testcase name="Validation of Response body when Endpoint is Valid #5" classname="API Validation" time="0.462"/>
  <testcase name="Validation of Response body when Endpoint is Valid and queryParameter provided #1" classname="API Validation" time="0.512"/>
  <testcase name="Validation of Response body when Endpoint is Valid and queryParameter provided #2" classname="API Validation" time="0.499"/>
  <testcase name="Validation of Response body when Endpoint is Valid and queryParameter provided #3" classname="API Validation" time="0.572">
    <failure message="expected:&lt;[USD]&gt; but was:&lt;[EUR]&gt;" type="org.junit.ComparisonFailure"><![CDATA[org.junit.ComparisonFailure: expected:<[USD]> but was:<[EUR]>
	at org.junit.Assert.assertEquals(Assert.java:115)
	at org.junit.Assert.assertEquals(Assert.java:144)
	at com.companyname.projectname.steps.StepDef.compareResponseValues(StepDef.java:68)
	at com.companyname.projectname.steps.StepDef.verifyResponseBodyShouldHaveWithValue(StepDef.java:54)
	at ✽.Verify Response body should have "base" with Value "EUR"(file:///C:/Users/somesh/Pictures/RestAssuredCucumber-master-main%20(1)/RestAssuredCucumber-master-main/src/test/resources/API.feature:48)
]]></failure>
    <system-out><![CDATA[
@TC04
Scenario Outline: Validation of Response body when Endpoint is Valid and queryParameter provided # src/test/resources/API.feature:53
  Given User is hitting the API "https://api.ratesapi.io/api/2010-01-12" with Method "GET"       # com.companyname.projectname.steps.StepDef.userIsHittingTheAPIWithMethod(java.lang.String,java.lang.String)
https://api.ratesapi.io/api/2010-01-12?base=USD
  When query Param "base" with Value "USD"                                                       # com.companyname.projectname.steps.StepDef.queryParamWithValue(java.lang.String,java.lang.String)
  Then Verify Status code should be "200"                                                        # com.companyname.projectname.steps.StepDef.verifyStatusCodeShouldBe(java.lang.String)
given Value does not Exist in Response Body
  Then Verify Response body should have "base" with Value "EUR"                                  # com.companyname.projectname.steps.StepDef.verifyResponseBodyShouldHaveWithValue(java.lang.String,java.lang.String)
      org.junit.ComparisonFailure: expected:<[USD]> but was:<[EUR]>
	at org.junit.Assert.assertEquals(Assert.java:115)
	at org.junit.Assert.assertEquals(Assert.java:144)
	at com.companyname.projectname.steps.StepDef.compareResponseValues(StepDef.java:68)
	at com.companyname.projectname.steps.StepDef.verifyResponseBodyShouldHaveWithValue(StepDef.java:54)
	at ✽.Verify Response body should have "base" with Value "EUR"(file:///C:/Users/somesh/Pictures/RestAssuredCucumber-master-main%20(1)/RestAssuredCucumber-master-main/src/test/resources/API.feature:48)

]]></system-out>
    <system-err><![CDATA[Oct 14, 2020 12:39:06 AM com.companyname.projectname.steps.StepDef compareResponseValues
INFO: Actual Value is  ::USD
Oct 14, 2020 12:39:06 AM com.companyname.projectname.steps.StepDef compareResponseValues
INFO: Expected Value is  ::EUR
]]></system-err>
  </testcase>
  <testcase name="Validation Date when Date Provided in endpoint is future Date #1" classname="API Validation" time="0.524"/>
  <testcase name="Validation Date when Date Provided in endpoint is future Date #2" classname="API Validation" time="0.788"/>
  <testcase name="Validation Date when Date Provided in endpoint is future Date #3" classname="API Validation" time="7.479">
    <failure message="expected:&lt;2020-10-1[2]&gt; but was:&lt;2020-10-1[3]&gt;" type="org.junit.ComparisonFailure"><![CDATA[org.junit.ComparisonFailure: expected:<2020-10-1[2]> but was:<2020-10-1[3]>
	at org.junit.Assert.assertEquals(Assert.java:115)
	at org.junit.Assert.assertEquals(Assert.java:144)
	at com.companyname.projectname.steps.StepDef.compareResponseValues(StepDef.java:68)
	at com.companyname.projectname.steps.StepDef.verifyDateInResponseShouldBe(StepDef.java:101)
	at ✽.verify date in response should be "2020-10-12"(file:///C:/Users/somesh/Pictures/RestAssuredCucumber-master-main%20(1)/RestAssuredCucumber-master-main/src/test/resources/API.feature:59)
]]></failure>
    <system-out><![CDATA[
@TC05
Scenario Outline: Validation Date when Date Provided in endpoint is future Date            # src/test/resources/API.feature:64
  Given User is hitting the API "https://api.ratesapi.io/api/2020-12-12" with Method "GET" # com.companyname.projectname.steps.StepDef.userIsHittingTheAPIWithMethod(java.lang.String,java.lang.String)
  Then Verify Status code should be "200"                                                  # com.companyname.projectname.steps.StepDef.verifyStatusCodeShouldBe(java.lang.String)
2020-10-14
2020-10-13
given Value does not Exist in Response Body
  Then verify date in response should be "2020-10-12"                                      # com.companyname.projectname.steps.StepDef.verifyDateInResponseShouldBe(java.lang.String)
      org.junit.ComparisonFailure: expected:<2020-10-1[2]> but was:<2020-10-1[3]>
	at org.junit.Assert.assertEquals(Assert.java:115)
	at org.junit.Assert.assertEquals(Assert.java:144)
	at com.companyname.projectname.steps.StepDef.compareResponseValues(StepDef.java:68)
	at com.companyname.projectname.steps.StepDef.verifyDateInResponseShouldBe(StepDef.java:101)
	at ✽.verify date in response should be "2020-10-12"(file:///C:/Users/somesh/Pictures/RestAssuredCucumber-master-main%20(1)/RestAssuredCucumber-master-main/src/test/resources/API.feature:59)

]]></system-out>
    <system-err><![CDATA[Oct 14, 2020 12:39:15 AM com.companyname.projectname.steps.StepDef compareResponseValues
INFO: Actual Value is  ::2020-10-12
Oct 14, 2020 12:39:15 AM com.companyname.projectname.steps.StepDef compareResponseValues
INFO: Expected Value is  ::2020-10-13
]]></system-err>
  </testcase>
  <testcase name="Validation Date when Date Provided in endpoint is future Date #4" classname="API Validation" time="0.508"/>
</testsuite>